<?xml version="1.0" encoding="UTF-8"?>
<!-- Generated by org.testng.reporters.JUnitXMLReporter -->
<testsuite hostname="Ankushs-MacBook-Pro.local" ignored="0" name="test1" tests="1" failures="0" timestamp="14 Oct 2020 01:54:12 GMT" time="4.432" errors="0">
  <testcase name="@BeforeTest setup" time="4.379" classname="inetBankingV1.HomeDepto">
    <failure type="org.openqa.selenium.SessionNotCreatedException" message="session not created: This version of ChromeDriver only supports Chrome version 83
Build info: version: &amp;apos;3.141.59&amp;apos;, revision: &amp;apos;e82be7d358&amp;apos;, time: &amp;apos;2018-11-14T08:17:03&amp;apos;
System info: host: &amp;apos;Ankushs-MacBook-Pro.local&amp;apos;, ip: &amp;apos;2607:fea8:f4a0:5b30:0:0:0:60b5%en0&amp;apos;, os.name: &amp;apos;Mac OS X&amp;apos;, os.arch: &amp;apos;x86_64&amp;apos;, os.version: &amp;apos;10.14.6&amp;apos;, java.version: &amp;apos;1.8.0_241&amp;apos;
Driver info: driver.version: ChromeDriver
remote stacktrace: 0   chromedriver                        0x00000001029c0e99 chromedriver + 4808345
1   chromedriver                        0x000000010295b5f3 chromedriver + 4392435
2   chromedriver                        0x00000001025e729d chromedriver + 770717
3   chromedriver                        0x0000000102544689 chromedriver + 104073
4   chromedriver                        0x0000000102540940 chromedriver + 88384
5   chromedriver                        0x000000010253dc99 chromedriver + 76953
6   chromedriver                        0x000000010256ffa3 chromedriver + 282531
7   chromedriver                        0x000000010256cda3 chromedriver + 269731
8   chromedriver                        0x00000001025468dd chromedriver + 112861
9   chromedriver                        0x0000000102547875 chromedriver + 116853
10  chromedriver                        0x000000010298347f chromedriver + 4555903
11  chromedriver                        0x000000010299077a chromedriver + 4609914
12  chromedriver                        0x0000000102990509 chromedriver + 4609289
13  chromedriver                        0x0000000102967319 chromedriver + 4440857
14  chromedriver                        0x0000000102990d03 chromedriver + 4611331
15  chromedriver                        0x0000000102979083 chromedriver + 4513923
16  chromedriver                        0x00000001029a7454 chromedriver + 4703316
17  chromedriver                        0x00000001029c6f57 chromedriver + 4833111
18  libsystem_pthread.dylib             0x00007fff6b3c52eb _pthread_body + 126
19  libsystem_pthread.dylib             0x00007fff6b3c8249 _pthread_start + 66
20  libsystem_pthread.dylib             0x00007fff6b3c440d thread_start + 13
">
      <![CDATA[org.openqa.selenium.SessionNotCreatedException: session not created: This version of ChromeDriver only supports Chrome version 83
Build info: version: '3.141.59', revision: 'e82be7d358', time: '2018-11-14T08:17:03'
System info: host: 'Ankushs-MacBook-Pro.local', ip: '2607:fea8:f4a0:5b30:0:0:0:60b5%en0', os.name: 'Mac OS X', os.arch: 'x86_64', os.version: '10.14.6', java.version: '1.8.0_241'
Driver info: driver.version: ChromeDriver
remote stacktrace: 0   chromedriver                        0x00000001029c0e99 chromedriver + 4808345
1   chromedriver                        0x000000010295b5f3 chromedriver + 4392435
2   chromedriver                        0x00000001025e729d chromedriver + 770717
3   chromedriver                        0x0000000102544689 chromedriver + 104073
4   chromedriver                        0x0000000102540940 chromedriver + 88384
5   chromedriver                        0x000000010253dc99 chromedriver + 76953
6   chromedriver                        0x000000010256ffa3 chromedriver + 282531
7   chromedriver                        0x000000010256cda3 chromedriver + 269731
8   chromedriver                        0x00000001025468dd chromedriver + 112861
9   chromedriver                        0x0000000102547875 chromedriver + 116853
10  chromedriver                        0x000000010298347f chromedriver + 4555903
11  chromedriver                        0x000000010299077a chromedriver + 4609914
12  chromedriver                        0x0000000102990509 chromedriver + 4609289
13  chromedriver                        0x0000000102967319 chromedriver + 4440857
14  chromedriver                        0x0000000102990d03 chromedriver + 4611331
15  chromedriver                        0x0000000102979083 chromedriver + 4513923
16  chromedriver                        0x00000001029a7454 chromedriver + 4703316
17  chromedriver                        0x00000001029c6f57 chromedriver + 4833111
18  libsystem_pthread.dylib             0x00007fff6b3c52eb _pthread_body + 126
19  libsystem_pthread.dylib             0x00007fff6b3c8249 _pthread_start + 66
20  libsystem_pthread.dylib             0x00007fff6b3c440d thread_start + 13

at org.openqa.selenium.remote.W3CHandshakeResponse.lambda$errorHandler$0(W3CHandshakeResponse.java:62)
at org.openqa.selenium.remote.HandshakeResponse.lambda$getResponseFunction$0(HandshakeResponse.java:30)
at org.openqa.selenium.remote.ProtocolHandshake.lambda$createSession$0(ProtocolHandshake.java:126)
at java.util.stream.ReferencePipeline$3$1.accept(ReferencePipeline.java:193)
at java.util.Spliterators$ArraySpliterator.tryAdvance(Spliterators.java:958)
at java.util.stream.ReferencePipeline.forEachWithCancel(ReferencePipeline.java:126)
at java.util.stream.AbstractPipeline.copyIntoWithCancel(AbstractPipeline.java:499)
at java.util.stream.AbstractPipeline.copyInto(AbstractPipeline.java:486)
at java.util.stream.AbstractPipeline.wrapAndCopyInto(AbstractPipeline.java:472)
at java.util.stream.FindOps$FindOp.evaluateSequential(FindOps.java:152)
at java.util.stream.AbstractPipeline.evaluate(AbstractPipeline.java:234)
at java.util.stream.ReferencePipeline.findFirst(ReferencePipeline.java:464)
at org.openqa.selenium.remote.ProtocolHandshake.createSession(ProtocolHandshake.java:128)
at org.openqa.selenium.remote.ProtocolHandshake.createSession(ProtocolHandshake.java:74)
at org.openqa.selenium.remote.HttpCommandExecutor.execute(HttpCommandExecutor.java:136)
at org.openqa.selenium.remote.service.DriverCommandExecutor.execute(DriverCommandExecutor.java:83)
at org.openqa.selenium.remote.RemoteWebDriver.execute(RemoteWebDriver.java:552)
at org.openqa.selenium.remote.RemoteWebDriver.startSession(RemoteWebDriver.java:213)
at org.openqa.selenium.remote.RemoteWebDriver.<init>(RemoteWebDriver.java:131)
at org.openqa.selenium.chrome.ChromeDriver.<init>(ChromeDriver.java:181)
at org.openqa.selenium.chrome.ChromeDriver.<init>(ChromeDriver.java:168)
at org.openqa.selenium.chrome.ChromeDriver.<init>(ChromeDriver.java:123)
at inetBankingV1.HomeDepto.setup(HomeDepto.java:66)
... Removed 28 stack frames]]>
    </failure>
  </testcase> <!-- @BeforeTest setup -->
  <testcase name="@AfterTest teardown" time="0.0" classname="inetBankingV1.HomeDepto">
    <skipped/>
  </testcase> <!-- @AfterTest teardown -->
  <testcase name="senario" time="0.0" classname="inetBankingV1.HomeDepto">
    <skipped/>
  </testcase> <!-- senario -->
</testsuite> <!-- test1 -->
