<?xml version="1.0" encoding="UTF-8"?>
<!-- Generated by org.testng.reporters.JUnitReportReporter -->
<testsuite skipped="1" hostname="Ankushs-MacBook-Pro.local" name="inetBankingV1.HomeDepto" tests="2" failures="0" timestamp="14 Oct 2020 01:54:12 GMT" time="4.379" errors="1">
  <testcase name="senario" time="0.000" classname="inetBankingV1.HomeDepto">
    <skipped/>
  </testcase> <!-- senario -->
  <testcase name="setup" time="4.379" classname="inetBankingV1.HomeDepto">
    <error type="org.openqa.selenium.SessionNotCreatedException" message="session not created: This version of ChromeDriver only supports Chrome version 83
Build info: version: &#039;3.141.59&#039;, revision: &#039;e82be7d358&#039;, time: &#039;2018-11-14T08:17:03&#039;
System info: host: &#039;Ankushs-MacBook-Pro.local&#039;, ip: &#039;2607:fea8:f4a0:5b30:0:0:0:60b5%en0&#039;, os.name: &#039;Mac OS X&#039;, os.arch: &#039;x86_64&#039;, os.version: &#039;10.14.6&#039;, java.version: &#039;1.8.0_241&#039;
Driver info: driver.version: ChromeDriver
remote stacktrace: 0   chromedriver                        0x00000001029c0e99 chromedriver + 4808345
1   chromedriver                        0x000000010295b5f3 chromedriver + 4392435
2   chromedriver                        0x00000001025e729d chromedriver + 770717
3   chromedriver                        0x0000000102544689 chromedriver + 104073
4   chromedriver                        0x0000000102540940 chromedriver + 88384
5   chromedriver                        0x000000010253dc99 chromedriver + 76953
6   chromedriver                        0x000000010256ffa3 chromedriver + 282531
7   chromedriver                        0x000000010256cda3 chromedriver + 269731
8   chromedriver                        0x00000001025468dd chromedriver + 112861
9   chromedriver                        0x0000000102547875 chromedriver + 116853
10  chromedriver                        0x000000010298347f chromedriver + 4555903
11  chromedriver                        0x000000010299077a chromedriver + 4609914
12  chromedriver                        0x0000000102990509 chromedriver + 4609289
13  chromedriver                        0x0000000102967319 chromedriver + 4440857
14  chromedriver                        0x0000000102990d03 chromedriver + 4611331
15  chromedriver                        0x0000000102979083 chromedriver + 4513923
16  chromedriver                        0x00000001029a7454 chromedriver + 4703316
17  chromedriver                        0x00000001029c6f57 chromedriver + 4833111
18  libsystem_pthread.dylib             0x00007fff6b3c52eb _pthread_body + 126
19  libsystem_pthread.dylib             0x00007fff6b3c8249 _pthread_start + 66
20  libsystem_pthread.dylib             0x00007fff6b3c440d thread_start + 13
">
      <![CDATA[org.openqa.selenium.SessionNotCreatedException: session not created: This version of ChromeDriver only supports Chrome version 83
Build info: version: '3.141.59', revision: 'e82be7d358', time: '2018-11-14T08:17:03'
System info: host: 'Ankushs-MacBook-Pro.local', ip: '2607:fea8:f4a0:5b30:0:0:0:60b5%en0', os.name: 'Mac OS X', os.arch: 'x86_64', os.version: '10.14.6', java.version: '1.8.0_241'
Driver info: driver.version: ChromeDriver
remote stacktrace: 0   chromedriver                        0x00000001029c0e99 chromedriver + 4808345
1   chromedriver                        0x000000010295b5f3 chromedriver + 4392435
2   chromedriver                        0x00000001025e729d chromedriver + 770717
3   chromedriver                        0x0000000102544689 chromedriver + 104073
4   chromedriver                        0x0000000102540940 chromedriver + 88384
5   chromedriver                        0x000000010253dc99 chromedriver + 76953
6   chromedriver                        0x000000010256ffa3 chromedriver + 282531
7   chromedriver                        0x000000010256cda3 chromedriver + 269731
8   chromedriver                        0x00000001025468dd chromedriver + 112861
9   chromedriver                        0x0000000102547875 chromedriver + 116853
10  chromedriver                        0x000000010298347f chromedriver + 4555903
11  chromedriver                        0x000000010299077a chromedriver + 4609914
12  chromedriver                        0x0000000102990509 chromedriver + 4609289
13  chromedriver                        0x0000000102967319 chromedriver + 4440857
14  chromedriver                        0x0000000102990d03 chromedriver + 4611331
15  chromedriver                        0x0000000102979083 chromedriver + 4513923
16  chromedriver                        0x00000001029a7454 chromedriver + 4703316
17  chromedriver                        0x00000001029c6f57 chromedriver + 4833111
18  libsystem_pthread.dylib             0x00007fff6b3c52eb _pthread_body + 126
19  libsystem_pthread.dylib             0x00007fff6b3c8249 _pthread_start + 66
20  libsystem_pthread.dylib             0x00007fff6b3c440d thread_start + 13

at sun.reflect.NativeConstructorAccessorImpl.newInstance0(Native Method)
at sun.reflect.NativeConstructorAccessorImpl.newInstance(NativeConstructorAccessorImpl.java:62)
at sun.reflect.DelegatingConstructorAccessorImpl.newInstance(DelegatingConstructorAccessorImpl.java:45)
at java.lang.reflect.Constructor.newInstance(Constructor.java:423)
at org.openqa.selenium.remote.W3CHandshakeResponse.lambda$errorHandler$0(W3CHandshakeResponse.java:62)
at org.openqa.selenium.remote.HandshakeResponse.lambda$getResponseFunction$0(HandshakeResponse.java:30)
at org.openqa.selenium.remote.ProtocolHandshake.lambda$createSession$0(ProtocolHandshake.java:126)
at java.util.stream.ReferencePipeline$3$1.accept(ReferencePipeline.java:193)
at java.util.Spliterators$ArraySpliterator.tryAdvance(Spliterators.java:958)
at java.util.stream.ReferencePipeline.forEachWithCancel(ReferencePipeline.java:126)
at java.util.stream.AbstractPipeline.copyIntoWithCancel(AbstractPipeline.java:499)
at java.util.stream.AbstractPipeline.copyInto(AbstractPipeline.java:486)
at java.util.stream.AbstractPipeline.wrapAndCopyInto(AbstractPipeline.java:472)
at java.util.stream.FindOps$FindOp.evaluateSequential(FindOps.java:152)
at java.util.stream.AbstractPipeline.evaluate(AbstractPipeline.java:234)
at java.util.stream.ReferencePipeline.findFirst(ReferencePipeline.java:464)
at org.openqa.selenium.remote.ProtocolHandshake.createSession(ProtocolHandshake.java:128)
at org.openqa.selenium.remote.ProtocolHandshake.createSession(ProtocolHandshake.java:74)
at org.openqa.selenium.remote.HttpCommandExecutor.execute(HttpCommandExecutor.java:136)
at org.openqa.selenium.remote.service.DriverCommandExecutor.execute(DriverCommandExecutor.java:83)
at org.openqa.selenium.remote.RemoteWebDriver.execute(RemoteWebDriver.java:552)
at org.openqa.selenium.remote.RemoteWebDriver.startSession(RemoteWebDriver.java:213)
at org.openqa.selenium.remote.RemoteWebDriver.<init>(RemoteWebDriver.java:131)
at org.openqa.selenium.chrome.ChromeDriver.<init>(ChromeDriver.java:181)
at org.openqa.selenium.chrome.ChromeDriver.<init>(ChromeDriver.java:168)
at org.openqa.selenium.chrome.ChromeDriver.<init>(ChromeDriver.java:123)
at inetBankingV1.HomeDepto.setup(HomeDepto.java:66)
at sun.reflect.NativeMethodAccessorImpl.invoke0(Native Method)
at sun.reflect.NativeMethodAccessorImpl.invoke(NativeMethodAccessorImpl.java:62)
at sun.reflect.DelegatingMethodAccessorImpl.invoke(DelegatingMethodAccessorImpl.java:43)
at java.lang.reflect.Method.invoke(Method.java:498)
at org.testng.internal.MethodInvocationHelper.invokeMethod(MethodInvocationHelper.java:124)
at org.testng.internal.MethodInvocationHelper.invokeMethodConsideringTimeout(MethodInvocationHelper.java:59)
at org.testng.internal.Invoker.invokeConfigurationMethod(Invoker.java:458)
at org.testng.internal.Invoker.invokeConfigurations(Invoker.java:222)
at org.testng.internal.Invoker.invokeConfigurations(Invoker.java:142)
at org.testng.TestRunner.beforeRun(TestRunner.java:529)
at org.testng.TestRunner.run(TestRunner.java:497)
at org.testng.SuiteRunner.runTest(SuiteRunner.java:455)
at org.testng.SuiteRunner.runSequentially(SuiteRunner.java:450)
at org.testng.SuiteRunner.privateRun(SuiteRunner.java:415)
at org.testng.SuiteRunner.run(SuiteRunner.java:364)
at org.testng.SuiteRunnerWorker.runSuite(SuiteRunnerWorker.java:52)
at org.testng.SuiteRunnerWorker.run(SuiteRunnerWorker.java:84)
at org.testng.TestNG.runSuitesSequentially(TestNG.java:1208)
at org.testng.TestNG.runSuitesLocally(TestNG.java:1137)
at org.testng.TestNG.runSuites(TestNG.java:1049)
at org.testng.TestNG.run(TestNG.java:1017)
at org.testng.remote.AbstractRemoteTestNG.run(AbstractRemoteTestNG.java:114)
at org.testng.remote.RemoteTestNG.initAndRun(RemoteTestNG.java:251)
at org.testng.remote.RemoteTestNG.main(RemoteTestNG.java:77)
]]>
    </error>
  </testcase> <!-- setup -->
</testsuite> <!-- inetBankingV1.HomeDepto -->
